[08:43:35.045] Global cache location '/home/kahr/.cache/typescript/4.1', safe file path '/home/kahr/Code/VolumeWars/app/node_modules/typescript/lib/typingSafeList.json', types map path /home/kahr/Code/VolumeWars/app/node_modules/typescript/lib/typesMap.json
[08:43:35.046] Processing cache location '/home/kahr/.cache/typescript/4.1'
[08:43:35.047] Trying to find '/home/kahr/.cache/typescript/4.1/package.json'...
[08:43:35.047] Loaded content of '/home/kahr/.cache/typescript/4.1/package.json': {"private":true,"dependencies":{"types-registry":"^0.1.551"}}
[08:43:35.047] Loaded content of '/home/kahr/.cache/typescript/4.1/package-lock.json'
[08:43:35.047] Finished processing cache location '/home/kahr/.cache/typescript/4.1'
[08:43:35.047] Process id: 3497
[08:43:35.047] NPM location: /usr/bin/npm (explicit '--npmLocation' not  provided)
[08:43:35.047] validateDefaultNpmLocation: false
[08:43:35.048] Npm config file: /home/kahr/.cache/typescript/4.1/package.json
[08:43:35.048] Updating types-registry npm package...
[08:43:35.048] Exec: /usr/bin/npm install --ignore-scripts types-registry@latest
[08:43:35.891]     Succeeded. stdout:
    
    up to date, audited 2 packages in 716ms

found 0 vulnerabilities

[08:43:35.891] Updated types-registry npm package
[08:43:39.156] Got install request {"projectName":"/dev/null/inferredProject1*","fileNames":["/home/kahr/Code/VolumeWars/app/node_modules/typescript/lib/lib.es5.d.ts","/home/kahr/Code/VolumeWars/app/node_modules/typescript/lib/lib.es2015.d.ts","/home/kahr/Code/VolumeWars/app/node_modules/typescript/lib/lib.es2016.d.ts","/home/kahr/Code/VolumeWars/app/node_modules/typescript/lib/lib.dom.d.ts","/home/kahr/Code/VolumeWars/app/node_modules/typescript/lib/lib.dom.iterable.d.ts","/home/kahr/Code/VolumeWars/app/node_modules/typescript/lib/lib.webworker.importscripts.d.ts","/home/kahr/Code/VolumeWars/app/node_modules/typescript/lib/lib.scripthost.d.ts","/home/kahr/Code/VolumeWars/app/node_modules/typescript/lib/lib.es2015.core.d.ts","/home/kahr/Code/VolumeWars/app/node_modules/typescript/lib/lib.es2015.collection.d.ts","/home/kahr/Code/VolumeWars/app/node_modules/typescript/lib/lib.es2015.generator.d.ts","/home/kahr/Code/VolumeWars/app/node_modules/typescript/lib/lib.es2015.iterable.d.ts","/home/kahr/Code/VolumeWars/app/node_modules/typescript/lib/lib.es2015.promise.d.ts","/home/kahr/Code/VolumeWars/app/node_modules/typescript/lib/lib.es2015.proxy.d.ts","/home/kahr/Code/VolumeWars/app/node_modules/typescript/lib/lib.es2015.reflect.d.ts","/home/kahr/Code/VolumeWars/app/node_modules/typescript/lib/lib.es2015.symbol.d.ts","/home/kahr/Code/VolumeWars/app/node_modules/typescript/lib/lib.es2015.symbol.wellknown.d.ts","/home/kahr/Code/VolumeWars/app/node_modules/typescript/lib/lib.es2016.array.include.d.ts","/home/kahr/Code/VolumeWars/app/node_modules/typescript/lib/lib.es2016.full.d.ts","/home/kahr/Code/VolumeWars/app/node_modules/@drizzle/react-components/dist/drizzle-react-components.js"],"compilerOptions":{"module":1,"target":3,"jsx":1,"allowJs":true,"allowSyntheticDefaultImports":true,"allowNonTsExtensions":true,"noEmitForJsFiles":true,"maxNodeModuleJsDepth":2},"typeAcquisition":{"enable":true,"include":[],"exclude":[]},"unresolvedImports":["@babel/runtime","@drizzle/react-plugin","@testing-library/dom"],"projectRootPath":"/home/kahr/Code/VolumeWars/app/node_modules/@drizzle/react-components/dist","kind":"discover"}
[08:43:39.231] Loaded safelist from types map file '/home/kahr/Code/VolumeWars/app/node_modules/typescript/lib/typesMap.json'
[08:43:39.232] Explicitly included types: []
[08:43:39.234] Inferred typings from unresolved imports: ["@babel/runtime","@drizzle/react-plugin","@testing-library/dom"]
[08:43:39.234] Result: {"cachedTypingPaths":[],"newTypingNames":["@babel/runtime","@drizzle/react-plugin","@testing-library/dom"],"filesToWatch":["/home/kahr/Code/VolumeWars/app/node_modules/@drizzle/react-components/dist/bower_components","/home/kahr/Code/VolumeWars/app/node_modules/@drizzle/react-components/dist/node_modules"]}
[08:43:39.234] Finished typings discovery: {"cachedTypingPaths":[],"newTypingNames":["@babel/runtime","@drizzle/react-plugin","@testing-library/dom"],"filesToWatch":["/home/kahr/Code/VolumeWars/app/node_modules/@drizzle/react-components/dist/bower_components","/home/kahr/Code/VolumeWars/app/node_modules/@drizzle/react-components/dist/node_modules"]}
[08:43:39.234] DirectoryWatcher:: Added:: WatchInfo: /home/kahr/Code/VolumeWars/app/node_modules/@drizzle/react-components/dist/bower_components
[08:43:39.236] DirectoryWatcher:: Added:: WatchInfo: /home/kahr/Code/VolumeWars/app/node_modules/@drizzle/react-components/dist/node_modules
[08:43:39.236] Installing typings ["@babel/runtime","@drizzle/react-plugin","@testing-library/dom"]
[08:43:39.236] '@babel/runtime':: Entry for package 'babel__runtime' does not exist in local types registry - skipping...
[08:43:39.236] '@drizzle/react-plugin':: Entry for package 'drizzle__react-plugin' does not exist in local types registry - skipping...
[08:43:39.236] '@testing-library/dom':: Entry for package 'testing-library__dom' does not exist in local types registry - skipping...
[08:43:39.236] All typings are known to be missing or invalid - no need to install more typings
[08:43:39.236] Sending response:
    {"projectName":"/dev/null/inferredProject1*","typeAcquisition":{"enable":true,"include":[],"exclude":[]},"compilerOptions":{"module":1,"target":3,"jsx":1,"allowJs":true,"allowSyntheticDefaultImports":true,"allowNonTsExtensions":true,"noEmitForJsFiles":true,"maxNodeModuleJsDepth":2},"typings":[],"unresolvedImports":["@babel/runtime","@drizzle/react-plugin","@testing-library/dom"],"kind":"action::set"}
[08:43:39.237] Response has been sent.
