[16:00:14.783] Global cache location '/home/kahr/.cache/typescript/4.1', safe file path '/home/kahr/Code/VolumeWars/app/node_modules/typescript/lib/typingSafeList.json', types map path /home/kahr/Code/VolumeWars/app/node_modules/typescript/lib/typesMap.json
[16:00:14.784] Processing cache location '/home/kahr/.cache/typescript/4.1'
[16:00:14.784] Trying to find '/home/kahr/.cache/typescript/4.1/package.json'...
[16:00:14.785] Loaded content of '/home/kahr/.cache/typescript/4.1/package.json': {"private":true,"dependencies":{"types-registry":"^0.1.550"}}
[16:00:14.785] Loaded content of '/home/kahr/.cache/typescript/4.1/package-lock.json'
[16:00:14.785] Finished processing cache location '/home/kahr/.cache/typescript/4.1'
[16:00:14.785] Process id: 4128
[16:00:14.786] NPM location: /usr/bin/npm (explicit '--npmLocation' not  provided)
[16:00:14.786] validateDefaultNpmLocation: false
[16:00:14.786] Npm config file: /home/kahr/.cache/typescript/4.1/package.json
[16:00:14.786] Updating types-registry npm package...
[16:00:14.786] Exec: /usr/bin/npm install --ignore-scripts types-registry@latest
[16:00:15.662]     Succeeded. stdout:
    
    up to date, audited 2 packages in 735ms

found 0 vulnerabilities

[16:00:15.662] Updated types-registry npm package
[16:15:22.360] Got install request {"projectName":"/dev/null/inferredProject1*","fileNames":[],"compilerOptions":{"module":1,"target":3,"jsx":1,"allowJs":true,"allowSyntheticDefaultImports":true,"allowNonTsExtensions":true,"noEmitForJsFiles":true},"typeAcquisition":{"enable":true,"include":[],"exclude":[]},"unresolvedImports":[],"projectRootPath":"/home/kahr/Code/VolumeWars/app/src/components","kind":"discover"}
[16:15:22.439] Loaded safelist from types map file '/home/kahr/Code/VolumeWars/app/node_modules/typescript/lib/typesMap.json'
[16:15:22.440] Explicitly included types: []
[16:15:22.440] Inferred typings from unresolved imports: []
[16:15:22.441] Result: {"cachedTypingPaths":[],"newTypingNames":[],"filesToWatch":["/home/kahr/Code/VolumeWars/app/src/components/bower_components","/home/kahr/Code/VolumeWars/app/src/components/node_modules"]}
[16:15:22.441] Finished typings discovery: {"cachedTypingPaths":[],"newTypingNames":[],"filesToWatch":["/home/kahr/Code/VolumeWars/app/src/components/bower_components","/home/kahr/Code/VolumeWars/app/src/components/node_modules"]}
[16:15:22.441] DirectoryWatcher:: Added:: WatchInfo: /home/kahr/Code/VolumeWars/app/src/components/bower_components
[16:15:22.444] DirectoryWatcher:: Added:: WatchInfo: /home/kahr/Code/VolumeWars/app/src/components/node_modules
[16:15:22.444] Sending response:
    {"projectName":"/dev/null/inferredProject1*","typeAcquisition":{"enable":true,"include":[],"exclude":[]},"compilerOptions":{"module":1,"target":3,"jsx":1,"allowJs":true,"allowSyntheticDefaultImports":true,"allowNonTsExtensions":true,"noEmitForJsFiles":true},"typings":[],"unresolvedImports":[],"kind":"action::set"}
[16:15:22.445] Response has been sent.
[16:15:22.445] No new typings were requested as a result of typings discovery
[16:32:46.538] Got install request {"projectName":"/dev/null/inferredProject1*","fileNames":[],"compilerOptions":{"module":1,"target":3,"jsx":1,"allowJs":true,"allowSyntheticDefaultImports":true,"allowNonTsExtensions":true,"noEmitForJsFiles":true},"typeAcquisition":{"enable":true,"include":[],"exclude":[]},"unresolvedImports":[],"projectRootPath":"/home/kahr/Code/VolumeWars/app/src/components","kind":"discover"}
[16:32:46.538] Explicitly included types: []
[16:32:46.539] Inferred typings from unresolved imports: []
[16:32:46.539] Result: {"cachedTypingPaths":[],"newTypingNames":[],"filesToWatch":["/home/kahr/Code/VolumeWars/app/src/components/bower_components","/home/kahr/Code/VolumeWars/app/src/components/node_modules"]}
[16:32:46.539] Finished typings discovery: {"cachedTypingPaths":[],"newTypingNames":[],"filesToWatch":["/home/kahr/Code/VolumeWars/app/src/components/bower_components","/home/kahr/Code/VolumeWars/app/src/components/node_modules"]}
[16:32:46.539] Sending response:
    {"projectName":"/dev/null/inferredProject1*","typeAcquisition":{"enable":true,"include":[],"exclude":[]},"compilerOptions":{"module":1,"target":3,"jsx":1,"allowJs":true,"allowSyntheticDefaultImports":true,"allowNonTsExtensions":true,"noEmitForJsFiles":true},"typings":[],"unresolvedImports":[],"kind":"action::set"}
[16:32:46.539] Response has been sent.
[16:32:46.539] No new typings were requested as a result of typings discovery
[20:28:15.357] Got install request {"projectName":"/dev/null/inferredProject2*","fileNames":[],"compilerOptions":{"module":1,"target":3,"jsx":1,"allowJs":true,"allowSyntheticDefaultImports":true,"allowNonTsExtensions":true,"noEmitForJsFiles":true},"typeAcquisition":{"enable":true,"include":[],"exclude":[]},"unresolvedImports":[],"projectRootPath":"/home/kahr/Code/VolumeWars/app/src/components","kind":"discover"}
[20:28:15.367] Explicitly included types: []
[20:28:15.373] Inferred typings from unresolved imports: []
[20:28:15.373] Result: {"cachedTypingPaths":[],"newTypingNames":[],"filesToWatch":["/home/kahr/Code/VolumeWars/app/src/components/bower_components","/home/kahr/Code/VolumeWars/app/src/components/node_modules"]}
[20:28:15.373] Finished typings discovery: {"cachedTypingPaths":[],"newTypingNames":[],"filesToWatch":["/home/kahr/Code/VolumeWars/app/src/components/bower_components","/home/kahr/Code/VolumeWars/app/src/components/node_modules"]}
[20:28:15.375] DirectoryWatcher:: Added:: WatchInfo: /home/kahr/Code/VolumeWars/app/src/components/bower_components
[20:28:15.376] DirectoryWatcher:: Added:: WatchInfo: /home/kahr/Code/VolumeWars/app/src/components/node_modules
[20:28:15.376] Sending response:
    {"projectName":"/dev/null/inferredProject2*","typeAcquisition":{"enable":true,"include":[],"exclude":[]},"compilerOptions":{"module":1,"target":3,"jsx":1,"allowJs":true,"allowSyntheticDefaultImports":true,"allowNonTsExtensions":true,"noEmitForJsFiles":true},"typings":[],"unresolvedImports":[],"kind":"action::set"}
[20:28:15.377] Response has been sent.
[20:28:15.377] No new typings were requested as a result of typings discovery
[20:49:50.824] Got install request {"projectName":"/dev/null/inferredProject3*","fileNames":[],"compilerOptions":{"module":1,"target":3,"jsx":1,"allowJs":true,"allowSyntheticDefaultImports":true,"allowNonTsExtensions":true,"noEmitForJsFiles":true},"typeAcquisition":{"enable":true,"include":[],"exclude":[]},"unresolvedImports":[],"projectRootPath":"/home/kahr/Code/VolumeWars/app/src/features","kind":"discover"}
[20:49:50.824] Explicitly included types: []
[20:49:50.824] Inferred typings from unresolved imports: []
[20:49:50.824] Result: {"cachedTypingPaths":[],"newTypingNames":[],"filesToWatch":["/home/kahr/Code/VolumeWars/app/src/features/bower_components","/home/kahr/Code/VolumeWars/app/src/features/node_modules"]}
[20:49:50.825] Finished typings discovery: {"cachedTypingPaths":[],"newTypingNames":[],"filesToWatch":["/home/kahr/Code/VolumeWars/app/src/features/bower_components","/home/kahr/Code/VolumeWars/app/src/features/node_modules"]}
[20:49:50.825] DirectoryWatcher:: Added:: WatchInfo: /home/kahr/Code/VolumeWars/app/src/features/bower_components
[20:49:50.831] DirectoryWatcher:: Added:: WatchInfo: /home/kahr/Code/VolumeWars/app/src/features/node_modules
[20:49:50.832] Sending response:
    {"projectName":"/dev/null/inferredProject3*","typeAcquisition":{"enable":true,"include":[],"exclude":[]},"compilerOptions":{"module":1,"target":3,"jsx":1,"allowJs":true,"allowSyntheticDefaultImports":true,"allowNonTsExtensions":true,"noEmitForJsFiles":true},"typings":[],"unresolvedImports":[],"kind":"action::set"}
[20:49:50.832] Response has been sent.
[20:49:50.832] No new typings were requested as a result of typings discovery
[20:50:48.757] Got install request {"projectName":"/dev/null/inferredProject2*","fileNames":[],"compilerOptions":{"module":1,"target":3,"jsx":1,"allowJs":true,"allowSyntheticDefaultImports":true,"allowNonTsExtensions":true,"noEmitForJsFiles":true},"typeAcquisition":{"enable":true,"include":[],"exclude":[]},"unresolvedImports":[],"projectRootPath":"/home/kahr/Code/VolumeWars/app/src/components","kind":"discover"}
[20:50:48.758] Explicitly included types: []
[20:50:48.758] Inferred typings from unresolved imports: []
[20:50:48.758] Result: {"cachedTypingPaths":[],"newTypingNames":[],"filesToWatch":["/home/kahr/Code/VolumeWars/app/src/components/bower_components","/home/kahr/Code/VolumeWars/app/src/components/node_modules"]}
[20:50:48.758] Finished typings discovery: {"cachedTypingPaths":[],"newTypingNames":[],"filesToWatch":["/home/kahr/Code/VolumeWars/app/src/components/bower_components","/home/kahr/Code/VolumeWars/app/src/components/node_modules"]}
[20:50:48.762] Sending response:
    {"projectName":"/dev/null/inferredProject2*","typeAcquisition":{"enable":true,"include":[],"exclude":[]},"compilerOptions":{"module":1,"target":3,"jsx":1,"allowJs":true,"allowSyntheticDefaultImports":true,"allowNonTsExtensions":true,"noEmitForJsFiles":true},"typings":[],"unresolvedImports":[],"kind":"action::set"}
[20:50:48.762] Response has been sent.
[20:50:48.762] No new typings were requested as a result of typings discovery
