[02:29:31.962] Global cache location '/home/kahr/.cache/typescript/4.1', safe file path '/home/kahr/Code/VolumeWars/app/node_modules/typescript/lib/typingSafeList.json', types map path /home/kahr/Code/VolumeWars/app/node_modules/typescript/lib/typesMap.json
[02:29:31.963] Processing cache location '/home/kahr/.cache/typescript/4.1'
[02:29:31.964] Trying to find '/home/kahr/.cache/typescript/4.1/package.json'...
[02:29:31.964] Loaded content of '/home/kahr/.cache/typescript/4.1/package.json': {"private":true,"dependencies":{"types-registry":"^0.1.550"}}
[02:29:31.964] Loaded content of '/home/kahr/.cache/typescript/4.1/package-lock.json'
[02:29:31.964] Finished processing cache location '/home/kahr/.cache/typescript/4.1'
[02:29:31.964] Process id: 534
[02:29:31.964] NPM location: /usr/bin/npm (explicit '--npmLocation' not  provided)
[02:29:31.964] validateDefaultNpmLocation: false
[02:29:31.965] Npm config file: /home/kahr/.cache/typescript/4.1/package.json
[02:29:31.965] Updating types-registry npm package...
[02:29:31.965] Exec: /usr/bin/npm install --ignore-scripts types-registry@latest
[02:29:32.680]     Succeeded. stdout:
    
    up to date, audited 2 packages in 605ms

found 0 vulnerabilities

[02:29:32.680] Updated types-registry npm package
[02:40:07.239] Got install request {"projectName":"/dev/null/inferredProject1*","fileNames":[],"compilerOptions":{"module":1,"target":3,"jsx":1,"allowJs":true,"allowSyntheticDefaultImports":true,"allowNonTsExtensions":true,"noEmitForJsFiles":true},"typeAcquisition":{"enable":true,"include":[],"exclude":[]},"unresolvedImports":[],"projectRootPath":"/home/kahr/Code/VolumeWars/app/src/components","kind":"discover"}
[02:40:07.275] Loaded safelist from types map file '/home/kahr/Code/VolumeWars/app/node_modules/typescript/lib/typesMap.json'
[02:40:07.275] Explicitly included types: []
[02:40:07.276] Inferred typings from unresolved imports: []
[02:40:07.276] Result: {"cachedTypingPaths":[],"newTypingNames":[],"filesToWatch":["/home/kahr/Code/VolumeWars/app/src/components/bower_components","/home/kahr/Code/VolumeWars/app/src/components/node_modules"]}
[02:40:07.276] Finished typings discovery: {"cachedTypingPaths":[],"newTypingNames":[],"filesToWatch":["/home/kahr/Code/VolumeWars/app/src/components/bower_components","/home/kahr/Code/VolumeWars/app/src/components/node_modules"]}
[02:40:07.276] DirectoryWatcher:: Added:: WatchInfo: /home/kahr/Code/VolumeWars/app/src/components/bower_components
[02:40:07.278] DirectoryWatcher:: Added:: WatchInfo: /home/kahr/Code/VolumeWars/app/src/components/node_modules
[02:40:07.278] Sending response:
    {"projectName":"/dev/null/inferredProject1*","typeAcquisition":{"enable":true,"include":[],"exclude":[]},"compilerOptions":{"module":1,"target":3,"jsx":1,"allowJs":true,"allowSyntheticDefaultImports":true,"allowNonTsExtensions":true,"noEmitForJsFiles":true},"typings":[],"unresolvedImports":[],"kind":"action::set"}
[02:40:07.278] Response has been sent.
[02:40:07.278] No new typings were requested as a result of typings discovery
[03:53:15.625] Got install request {"projectName":"/dev/null/inferredProject2*","fileNames":[],"compilerOptions":{"module":1,"target":3,"jsx":1,"allowJs":true,"allowSyntheticDefaultImports":true,"allowNonTsExtensions":true,"noEmitForJsFiles":true},"typeAcquisition":{"enable":true,"include":[],"exclude":[]},"unresolvedImports":[],"projectRootPath":"/home/kahr/Code/VolumeWars/app/src/components","kind":"discover"}
[03:53:15.625] Explicitly included types: []
[03:53:15.625] Inferred typings from unresolved imports: []
[03:53:15.625] Result: {"cachedTypingPaths":[],"newTypingNames":[],"filesToWatch":["/home/kahr/Code/VolumeWars/app/src/components/bower_components","/home/kahr/Code/VolumeWars/app/src/components/node_modules"]}
[03:53:15.625] Finished typings discovery: {"cachedTypingPaths":[],"newTypingNames":[],"filesToWatch":["/home/kahr/Code/VolumeWars/app/src/components/bower_components","/home/kahr/Code/VolumeWars/app/src/components/node_modules"]}
[03:53:15.625] DirectoryWatcher:: Added:: WatchInfo: /home/kahr/Code/VolumeWars/app/src/components/bower_components
[03:53:15.626] DirectoryWatcher:: Added:: WatchInfo: /home/kahr/Code/VolumeWars/app/src/components/node_modules
[03:53:15.626] Sending response:
    {"projectName":"/dev/null/inferredProject2*","typeAcquisition":{"enable":true,"include":[],"exclude":[]},"compilerOptions":{"module":1,"target":3,"jsx":1,"allowJs":true,"allowSyntheticDefaultImports":true,"allowNonTsExtensions":true,"noEmitForJsFiles":true},"typings":[],"unresolvedImports":[],"kind":"action::set"}
[03:53:15.626] Response has been sent.
[03:53:15.626] No new typings were requested as a result of typings discovery
